[2025-12-15 18:55:48] Processing form submission for ID: 96d52ddb-58a4-4f1c-b4bb-375e7368e0e3
[2025-12-15 18:55:48] Settings: disable_notify=false, isFatal=false, enable_notify_field=true
[2025-12-15 18:55:48] Conditions met for notification. Calling sendNotification...
[2025-12-15 18:55:48] Notification TO: Array
(
    [prenotazioni@spazio13.eu] => 
    [schepisi.mattia@gmail.com] => 
    [alessandro@ff3300.com] => 
)

[2025-12-15 18:55:48] Notification FROM: Array
(
    [no-reply@www.spazio13.eu] => 
)

[2025-12-15 18:55:48] Attempting to send email via kirby()->email()
[2025-12-15 18:55:48] Email Data: Array
(
    [from] => Array
        (
            [no-reply@www.spazio13.eu] => 
        )

    [to] => Array
        (
            [prenotazioni@spazio13.eu] => 
            [schepisi.mattia@gmail.com] => 
            [alessandro@ff3300.com] => 
        )

    [subject] => Richiesta dal sito web.
    [attachments] => Array
        (
            [0] => /tmp/a-difesa-casa-auto-degli-italiani.jpg
        )

    [body] => Array
        (
            [html] => <p>Matteo Salvini ha inviato una richiesta:</p><p><table><tr><td valign='top'>Eventuale organizzazione di appartenenza</td><td>LEGA</td></tr><tr><td valign='top'>Nome e cognome</td><td>Matteo Salvini</td></tr><tr><td valign='top'>Email</td><td>matteo.salvini@senato.it</td></tr><tr><td valign='top'>Numero di telefono</td><td>02320046240</td></tr><tr><td valign='top'>Preferenza orario / giorni per essere ricontattat*</td><td>Il 24 dicembre dalle ore 22 alle ore 24</td></tr><tr><td valign='top'>Tipologia di utente</td><td>Ente religioso</td></tr><tr><td valign='top'>Sito web</td><td>https://legaonline.it</td></tr><tr><td valign='top'>Social network</td><td>https://www.instagram.com/matteosalviniofficial/?hl=it</td></tr><tr><td valign='top'>Breve descrizione dell'attività proposta</td><td>Cena di Natale Provinciale · Vado Ligure<br /><br />
via Aurelia, 22<br /><br />
</td></tr><tr><td valign='top'>Eventuali allegati </td><td>a-difesa-casa-auto-degli-italiani.jpg</td></tr><tr><td valign='top'>Tipologia di attività</td><td>Altro</td></tr><tr><td valign='top'>Quando?</td><td>mo l&#039;ho detto, il 24 sera</td></tr><tr><td valign='top'>Se l'attività è ricorsiva, indicare qui la frequenza</td><td>ogni vigilia di natale</td></tr><tr><td valign='top'>Dove?</td><td>Teatro, Open Space</td></tr><tr><td valign='top'>Numero atteso di partecipanti</td><td>900</td></tr><tr><td valign='top'>Questa attività è gratuita per chi partecipa?</td><td>Attività a pagamento</td></tr><tr><td valign='top'>Questa attività è finanziata da fondi pubblici?</td><td>Attività finanziata</td></tr><tr><td valign='top'>Eventuali altre richieste</td><td>vorremmo uno stendardo molto grande della Lega Nord, e una mangiatoia nel cortile esterno con Nico Murri come bambinello che nasce a mezzanotte.</td></tr><tr><td valign='top'>Trattamento dati</td><td>Dichiaro di aver preso visione della <a href="/privacy-policy">privacy policy</a> e acconsento al trattamento dei dati.</td></tr></table></p>
            [text] => Matteo Salvini ha inviato una richiesta:Eventuale organizzazione di appartenenzaLEGANome e cognomeMatteo SalviniEmailmatteo.salvini@senato.itNumero di telefono02320046240Preferenza orario / giorni per essere ricontattat*Il 24 dicembre dalle ore 22 alle ore 24Tipologia di utenteEnte religiosoSito webhttps://legaonline.itSocial networkhttps://www.instagram.com/matteosalviniofficial/?hl=itBreve descrizione dell'attività propostaCena di Natale Provinciale · Vado Ligure
via Aurelia, 22
Eventuali allegati a-difesa-casa-auto-degli-italiani.jpgTipologia di attivitàAltroQuando?mo l&#039;ho detto, il 24 seraSe l'attività è ricorsiva, indicare qui la frequenzaogni vigilia di nataleDove?Teatro, Open SpaceNumero atteso di partecipanti900Questa attività è gratuita per chi partecipa?Attività a pagamentoQuesta attività è finanziata da fondi pubblici?Attività finanziataEventuali altre richiestevorremmo uno stendardo molto grande della Lega Nord, e una mangiatoia nel cortile esterno con Nico Murri come bambinello che nasce a mezzanotte.Trattamento datiDichiaro di aver preso visione della privacy policy e acconsento al trattamento dei dati.
        )

    [replyTo] => matteo.salvini@senato.it
)

[2025-12-15 18:55:48] Email sent successfully (method returned)
